app/build/intermediates/manifest_merge_blame_file/debug/manifest-merger-blame-debug-report.txt
1<?xml version="1.0" encoding="utf-8"?>
2<manifest xmlns:android="http://schemas.android.com/apk/res/android"
3    package="com.playzone.kidszone"
4    android:versionCode="5"
5    android:versionName="1.4" >
6
7    <uses-sdk
8        android:minSdkVersion="21"
8-->src\main\AndroidManifest.xml
9        android:targetSdkVersion="30" />
9-->src\main\AndroidManifest.xml
10
11    <uses-feature
11-->src\main\AndroidManifest.xml:7:5-9:36
12        android:name="android.hardware.wifi"
12-->src\main\AndroidManifest.xml:8:9-45
13        android:required="false" />
13-->src\main\AndroidManifest.xml:9:9-33
14    <uses-feature
14-->src\main\AndroidManifest.xml:10:5-12:36
15        android:name="android.hardware.bluetooth"
15-->src\main\AndroidManifest.xml:11:9-50
16        android:required="false" />
16-->src\main\AndroidManifest.xml:12:9-33
17    <uses-feature
17-->src\main\AndroidManifest.xml:13:5-15:36
18        android:name="android.hardware.microphone"
18-->src\main\AndroidManifest.xml:14:9-51
19        android:required="false" />
19-->src\main\AndroidManifest.xml:15:9-33
20    <uses-feature android:name="android.hardware.camera" />
20-->src\main\AndroidManifest.xml:16:5-60
20-->src\main\AndroidManifest.xml:16:19-57
21    <uses-feature
21-->src\main\AndroidManifest.xml:17:5-19:36
22        android:name="android.hardware.camera.autofocus"
22-->src\main\AndroidManifest.xml:18:9-57
23        android:required="false" />
23-->src\main\AndroidManifest.xml:19:9-33
24    <uses-feature
24-->src\main\AndroidManifest.xml:20:5-22:36
25        android:name="android.hardware.screen.landscape"
25-->src\main\AndroidManifest.xml:21:9-57
26        android:required="false" />
26-->src\main\AndroidManifest.xml:22:9-33
27    <uses-feature
27-->src\main\AndroidManifest.xml:23:5-25:36
28        android:name="android.hardware.camera.flash"
28-->src\main\AndroidManifest.xml:24:9-53
29        android:required="false" />
29-->src\main\AndroidManifest.xml:25:9-33
30
31    <uses-permission android:name="android.permission.ACCESS_NETWORK_STATE" />
31-->src\main\AndroidManifest.xml:28:5-79
31-->src\main\AndroidManifest.xml:28:22-76
32    <uses-permission android:name="android.permission.ACCESS_NETWORK_STATE" />
32-->src\main\AndroidManifest.xml:28:5-79
32-->src\main\AndroidManifest.xml:28:22-76
33    <uses-permission android:name="android.permission.ACCESS_NETWORK_STATE" />
33-->src\main\AndroidManifest.xml:28:5-79
33-->src\main\AndroidManifest.xml:28:22-76
34    <uses-permission android:name="android.permission.ACCESS_NETWORK_STATE" />
34-->src\main\AndroidManifest.xml:28:5-79
34-->src\main\AndroidManifest.xml:28:22-76
35    <uses-permission android:name="android.permission.ACCESS_NETWORK_STATE" />
35-->src\main\AndroidManifest.xml:28:5-79
35-->src\main\AndroidManifest.xml:28:22-76
36    <uses-permission android:name="android.permission.ACCESS_NETWORK_STATE" />
36-->src\main\AndroidManifest.xml:28:5-79
36-->src\main\AndroidManifest.xml:28:22-76
37    <uses-permission android:name="android.permission.FLASHLIGHT" />
37-->src\main\AndroidManifest.xml:34:5-69
37-->src\main\AndroidManifest.xml:34:22-66
38    <uses-permission android:name="android.permission.WAKE_LOCK" />
38-->src\main\AndroidManifest.xml:36:5-68
38-->src\main\AndroidManifest.xml:36:22-65
39    <uses-permission android:name="android.permission.INTERNET" />
39-->src\main\AndroidManifest.xml:38:5-67
39-->src\main\AndroidManifest.xml:38:22-64
40    <uses-permission android:name="android.permission.ACCESS_WIFI_STATE" />
40-->src\main\AndroidManifest.xml:40:5-76
40-->src\main\AndroidManifest.xml:40:22-73
41    <uses-permission android:name="android.permission.CHANGE_WIFI_STATE" />
41-->src\main\AndroidManifest.xml:41:5-76
41-->src\main\AndroidManifest.xml:41:22-73
42    <uses-permission android:name="android.permission.ACCESS_NETWORK_STATE" />
42-->src\main\AndroidManifest.xml:28:5-79
42-->src\main\AndroidManifest.xml:28:22-76
43    <uses-permission android:name="android.permission.ACCESS_DOWNLOAD_MANAGER" />
43-->src\main\AndroidManifest.xml:43:5-82
43-->src\main\AndroidManifest.xml:43:22-79
44    <uses-permission android:name="android.permission.BLUETOOTH" />
44-->src\main\AndroidManifest.xml:44:5-68
44-->src\main\AndroidManifest.xml:44:22-65
45    <uses-permission android:name="android.permission.BLUETOOTH_ADMIN" />
45-->src\main\AndroidManifest.xml:45:5-74
45-->src\main\AndroidManifest.xml:45:22-71
46    <uses-permission android:name="android.permission.WRITE_EXTERNAL_STORAGE" />
46-->src\main\AndroidManifest.xml:46:5-81
46-->src\main\AndroidManifest.xml:46:22-78
47    <uses-permission android:name="android.permission.READ_EXTERNAL_STORAGE" />
47-->src\main\AndroidManifest.xml:47:5-80
47-->src\main\AndroidManifest.xml:47:22-77
48    <uses-permission android:name="android.permission.INSTALL_SHORTCUT" />
48-->src\main\AndroidManifest.xml:49:5-75
48-->src\main\AndroidManifest.xml:49:22-72
49    <uses-permission android:name="android.permission.UNINSTALL_SHORTCUT" />
49-->src\main\AndroidManifest.xml:51:5-77
49-->src\main\AndroidManifest.xml:51:22-74
50    <uses-permission android:name="android.permission.GET_TASKS" />
50-->src\main\AndroidManifest.xml:53:5-68
50-->src\main\AndroidManifest.xml:53:22-65
51    <uses-permission android:name="android.permission.KILL_BACKGROUND_PROCESSES" />
51-->src\main\AndroidManifest.xml:54:5-84
51-->src\main\AndroidManifest.xml:54:22-81
52    <uses-permission android:name="android.permission.RECORD_AUDIO" />
52-->src\main\AndroidManifest.xml:56:5-71
52-->src\main\AndroidManifest.xml:56:22-68
53    <uses-permission android:name="android.permission.REQUEST_DELETE_PACKAGES" />
53-->src\main\AndroidManifest.xml:57:5-82
53-->src\main\AndroidManifest.xml:57:22-79
54    <uses-permission android:name="android.permission.REQUEST_INSTALL_PACKAGES" />
54-->src\main\AndroidManifest.xml:59:5-83
54-->src\main\AndroidManifest.xml:59:22-80
55    <uses-permission android:name="android.permission.CAMERA" />
55-->src\main\AndroidManifest.xml:60:5-65
55-->src\main\AndroidManifest.xml:60:22-62
56    <uses-permission android:name="android.permission.OBSERVE_GRANT_REVOKE_PERMISSIONS" />
56-->src\main\AndroidManifest.xml:61:5-63:47
56-->src\main\AndroidManifest.xml:62:9-75
57    <uses-permission android:name="android.permission.CHANGE_COMPONENT_ENABLED_STATE" />
57-->src\main\AndroidManifest.xml:64:5-66:47
57-->src\main\AndroidManifest.xml:65:9-73
58    <uses-permission android:name="android.permission.SYSTEM_ALERT_WINDOW" />
58-->src\main\AndroidManifest.xml:68:5-78
58-->src\main\AndroidManifest.xml:68:22-75
59    <uses-permission android:name="android.permission.PACKAGE_USAGE_STATS" />
59-->src\main\AndroidManifest.xml:70:5-72:47
59-->src\main\AndroidManifest.xml:71:9-62
60    <uses-permission android:name="android.permission.READ_PHONE_STATE" />
60-->src\main\AndroidManifest.xml:74:5-75
60-->src\main\AndroidManifest.xml:74:22-72
61    <uses-permission android:name="android.Manifest.permission.READ_PHONE_STATE" />
61-->src\main\AndroidManifest.xml:75:5-84
61-->src\main\AndroidManifest.xml:75:22-81
62    <uses-permission android:name="com.google.android.c2dm.permission.RECEIVE" />
62-->src\main\AndroidManifest.xml:78:5-82
62-->src\main\AndroidManifest.xml:78:22-79
63    <uses-permission android:name="android.permission.EXPAND_STATUS_BAR" />
63-->src\main\AndroidManifest.xml:85:5-76
63-->src\main\AndroidManifest.xml:85:22-73
64    <uses-permission android:name="android.permission.FOREGROUND_SERVICE" />
64-->src\main\AndroidManifest.xml:86:5-77
64-->src\main\AndroidManifest.xml:86:22-74
65    <uses-permission android:name="android.permission.ACCESS_COARSE_LOCATION" />
65-->src\main\AndroidManifest.xml:90:5-81
65-->src\main\AndroidManifest.xml:90:22-78
66    <uses-permission android:name="android.permission.ACCESS_FINE_LOCATION" />
66-->src\main\AndroidManifest.xml:91:5-79
66-->src\main\AndroidManifest.xml:91:22-76
67    <uses-permission android:name="android.permission.REORDER_TASKS" />
67-->src\main\AndroidManifest.xml:93:5-72
67-->src\main\AndroidManifest.xml:93:22-69
68    <uses-permission android:name="android.permission.RECEIVE_BOOT_COMPLETED" />
68-->src\main\AndroidManifest.xml:94:5-81
68-->src\main\AndroidManifest.xml:94:22-78
69    <uses-permission android:name="android.permission.WRITE_INTERNAL_STORAGE" /> <!-- Android package visibility setting -->
69-->[:bookapp] AndroidManifest.xml:13:5-81
69-->[:bookapp] AndroidManifest.xml:13:22-78
70    <queries>
70-->[com.google.android.gms:play-services-ads-lite:20.3.0] AndroidManifest.xml:27:5-43:15
71
72        <!-- For browser content -->
73        <intent>
73-->[com.google.android.gms:play-services-ads-lite:20.3.0] AndroidManifest.xml:30:9-36:18
74            <action android:name="android.intent.action.VIEW" />
74-->[com.google.android.gms:play-services-ads-lite:20.3.0] AndroidManifest.xml:31:13-65
74-->[com.google.android.gms:play-services-ads-lite:20.3.0] AndroidManifest.xml:31:21-62
75
76            <category android:name="android.intent.category.BROWSABLE" />
76-->[com.google.android.gms:play-services-ads-lite:20.3.0] AndroidManifest.xml:33:13-74
76-->[com.google.android.gms:play-services-ads-lite:20.3.0] AndroidManifest.xml:33:23-71
77
78            <data android:scheme="https" />
78-->[com.google.android.gms:play-services-ads-lite:20.3.0] AndroidManifest.xml:35:13-44
78-->[com.google.android.gms:play-services-ads-lite:20.3.0] AndroidManifest.xml:35:19-41
79        </intent>
80        <!-- End of browser content -->
81        <!-- For CustomTabsService -->
82        <intent>
82-->[com.google.android.gms:play-services-ads-lite:20.3.0] AndroidManifest.xml:39:9-41:18
83            <action android:name="android.support.customtabs.action.CustomTabsService" />
83-->[com.google.android.gms:play-services-ads-lite:20.3.0] AndroidManifest.xml:40:13-90
83-->[com.google.android.gms:play-services-ads-lite:20.3.0] AndroidManifest.xml:40:21-87
84        </intent>
85        <!-- End of CustomTabsService -->
86    </queries>
87
88    <uses-permission android:name="com.google.android.finsky.permission.BIND_GET_INSTALL_REFERRER_SERVICE" /> <!-- Create a unique permission for your app and use it so only your app can receive your OneSignal messages. -->
88-->[com.google.android.gms:play-services-measurement:18.0.3] AndroidManifest.xml:26:5-110
88-->[com.google.android.gms:play-services-measurement:18.0.3] AndroidManifest.xml:26:22-107
89    <permission
89-->[com.onesignal:OneSignal:3.10.1] AndroidManifest.xml:8:5-10:47
90        android:name="com.playzone.kidszone.permission.C2D_MESSAGE"
90-->[com.onesignal:OneSignal:3.10.1] AndroidManifest.xml:9:9-63
91        android:protectionLevel="signature" />
91-->[com.onesignal:OneSignal:3.10.1] AndroidManifest.xml:10:9-44
92
93    <uses-permission android:name="com.playzone.kidszone.permission.C2D_MESSAGE" />
93-->[com.onesignal:OneSignal:3.10.1] AndroidManifest.xml:12:5-79
93-->[com.onesignal:OneSignal:3.10.1] AndroidManifest.xml:12:22-76
94    <!--
95 Required so the device vibrates on receiving a push notification.
96         Vibration settings of the device still apply.
97    -->
98    <uses-permission android:name="android.permission.VIBRATE" /> <!-- START: ShortcutBadger -->
98-->[com.onesignal:OneSignal:3.10.1] AndroidManifest.xml:24:5-66
98-->[com.onesignal:OneSignal:3.10.1] AndroidManifest.xml:24:22-63
99    <!-- Samsung -->
100    <uses-permission android:name="com.sec.android.provider.badge.permission.READ" />
100-->[com.onesignal:OneSignal:3.10.1] AndroidManifest.xml:32:5-86
100-->[com.onesignal:OneSignal:3.10.1] AndroidManifest.xml:32:22-83
101    <uses-permission android:name="com.sec.android.provider.badge.permission.WRITE" /> <!-- HTC -->
101-->[com.onesignal:OneSignal:3.10.1] AndroidManifest.xml:33:5-87
101-->[com.onesignal:OneSignal:3.10.1] AndroidManifest.xml:33:22-84
102    <uses-permission android:name="com.htc.launcher.permission.READ_SETTINGS" />
102-->[com.onesignal:OneSignal:3.10.1] AndroidManifest.xml:34:5-81
102-->[com.onesignal:OneSignal:3.10.1] AndroidManifest.xml:34:22-78
103    <uses-permission android:name="com.htc.launcher.permission.UPDATE_SHORTCUT" /> <!-- Sony -->
103-->[com.onesignal:OneSignal:3.10.1] AndroidManifest.xml:35:5-83
103-->[com.onesignal:OneSignal:3.10.1] AndroidManifest.xml:35:22-80
104    <uses-permission android:name="com.sonyericsson.home.permission.BROADCAST_BADGE" />
104-->[com.onesignal:OneSignal:3.10.1] AndroidManifest.xml:36:5-88
104-->[com.onesignal:OneSignal:3.10.1] AndroidManifest.xml:36:22-85
105    <uses-permission android:name="com.sonymobile.home.permission.PROVIDER_INSERT_BADGE" /> <!-- Apex -->
105-->[com.onesignal:OneSignal:3.10.1] AndroidManifest.xml:37:5-92
105-->[com.onesignal:OneSignal:3.10.1] AndroidManifest.xml:37:22-89
106    <uses-permission android:name="com.anddoes.launcher.permission.UPDATE_COUNT" /> <!-- Solid -->
106-->[com.onesignal:OneSignal:3.10.1] AndroidManifest.xml:38:5-84
106-->[com.onesignal:OneSignal:3.10.1] AndroidManifest.xml:38:22-81
107    <uses-permission android:name="com.majeur.launcher.permission.UPDATE_BADGE" /> <!-- Huawei -->
107-->[com.onesignal:OneSignal:3.10.1] AndroidManifest.xml:39:5-83
107-->[com.onesignal:OneSignal:3.10.1] AndroidManifest.xml:39:22-80
108    <uses-permission android:name="com.huawei.android.launcher.permission.CHANGE_BADGE" />
108-->[com.onesignal:OneSignal:3.10.1] AndroidManifest.xml:40:5-91
108-->[com.onesignal:OneSignal:3.10.1] AndroidManifest.xml:40:22-88
109    <uses-permission android:name="com.huawei.android.launcher.permission.READ_SETTINGS" />
109-->[com.onesignal:OneSignal:3.10.1] AndroidManifest.xml:41:5-92
109-->[com.onesignal:OneSignal:3.10.1] AndroidManifest.xml:41:22-89
110    <uses-permission android:name="com.huawei.android.launcher.permission.WRITE_SETTINGS" /> <!-- ZUK -->
110-->[com.onesignal:OneSignal:3.10.1] AndroidManifest.xml:42:5-93
110-->[com.onesignal:OneSignal:3.10.1] AndroidManifest.xml:42:22-90
111    <uses-permission android:name="android.permission.READ_APP_BADGE" /> <!-- OPPO -->
111-->[com.onesignal:OneSignal:3.10.1] AndroidManifest.xml:43:5-73
111-->[com.onesignal:OneSignal:3.10.1] AndroidManifest.xml:43:22-70
112    <uses-permission android:name="com.oppo.launcher.permission.READ_SETTINGS" />
112-->[com.onesignal:OneSignal:3.10.1] AndroidManifest.xml:44:5-82
112-->[com.onesignal:OneSignal:3.10.1] AndroidManifest.xml:44:22-79
113    <uses-permission android:name="com.oppo.launcher.permission.WRITE_SETTINGS" /> <!-- EvMe -->
113-->[com.onesignal:OneSignal:3.10.1] AndroidManifest.xml:45:5-83
113-->[com.onesignal:OneSignal:3.10.1] AndroidManifest.xml:45:22-80
114    <uses-permission android:name="me.everything.badger.permission.BADGE_COUNT_READ" />
114-->[com.onesignal:OneSignal:3.10.1] AndroidManifest.xml:46:5-88
114-->[com.onesignal:OneSignal:3.10.1] AndroidManifest.xml:46:22-85
115    <uses-permission android:name="me.everything.badger.permission.BADGE_COUNT_WRITE" />
115-->[com.onesignal:OneSignal:3.10.1] AndroidManifest.xml:47:5-89
115-->[com.onesignal:OneSignal:3.10.1] AndroidManifest.xml:47:22-86
116
117    <application
117-->src\main\AndroidManifest.xml:97:5-245:26
118        android:name="com.playzone.kidszone.Parent"
118-->src\main\AndroidManifest.xml:98:9-31
119        android:allowBackup="true"
119-->src\main\AndroidManifest.xml:99:9-35
120        android:appComponentFactory="androidx.core.app.CoreComponentFactory"
120-->[androidx.core:core:1.5.0] AndroidManifest.xml:24:18-86
121        android:debuggable="true"
122        android:icon="@mipmap/playzone"
122-->src\main\AndroidManifest.xml:100:9-40
123        android:label="@string/app_name"
123-->src\main\AndroidManifest.xml:101:9-41
124        android:largeHeap="true"
124-->src\main\AndroidManifest.xml:105:9-33
125        android:networkSecurityConfig="@xml/network_security_config"
125-->[:bookapp] AndroidManifest.xml:26:9-69
126        android:requestLegacyExternalStorage="true"
126-->src\main\AndroidManifest.xml:106:9-52
127        android:roundIcon="@mipmap/playzone"
127-->src\main\AndroidManifest.xml:102:9-45
128        android:supportsRtl="true"
128-->src\main\AndroidManifest.xml:103:9-35
129        android:testOnly="true"
130        android:theme="@style/AppTheme.NoActionBar"
130-->src\main\AndroidManifest.xml:104:9-52
131        android:usesCleartextTraffic="true" >
131-->[:bookapp] AndroidManifest.xml:31:9-44
132        <activity android:name="com.playzone.kidszone.Acquire_Permissions" >
132-->src\main\AndroidManifest.xml:111:9-113:20
132-->src\main\AndroidManifest.xml:111:19-54
133        </activity>
134        <activity
134-->src\main\AndroidManifest.xml:115:9-128:27
135            android:name="com.playzone.kidszone.MainActivity"
135-->src\main\AndroidManifest.xml:116:13-41
136            android:enabled="true"
136-->src\main\AndroidManifest.xml:117:13-35
137            android:launchMode="singleTask"
137-->src\main\AndroidManifest.xml:119:13-44
138            android:screenOrientation="portrait" >
138-->src\main\AndroidManifest.xml:118:13-49
139            <intent-filter>
139-->src\main\AndroidManifest.xml:121:13-127:36
140                <action android:name="android.intent.action.MAIN" />
140-->src\main\AndroidManifest.xml:122:17-69
140-->src\main\AndroidManifest.xml:122:25-66
141                <!--
142                       <category android:name="android.intent.category.HOME" />
143                       <category android:name="android.intent.category.DEFAULT" />
144                -->
145            </intent-filter>
146        </activity>
147        <activity
147-->src\main\AndroidManifest.xml:130:16-136:22
148            android:name="com.playzone.kidszone.Swipe_home"
148-->src\main\AndroidManifest.xml:131:20-46
149            android:label="Home"
149-->src\main\AndroidManifest.xml:132:20-40
150            android:launchMode="singleTask"
150-->src\main\AndroidManifest.xml:135:20-51
151            android:screenOrientation="portrait"
151-->src\main\AndroidManifest.xml:134:20-56
152            android:theme="@style/AppTheme.NoActionBar" />
152-->src\main\AndroidManifest.xml:133:20-63
153        <activity
153-->src\main\AndroidManifest.xml:138:16-143:22
154            android:name="com.playzone.kidszone.Parent_games"
154-->src\main\AndroidManifest.xml:139:20-48
155            android:configChanges="orientation|screenSize|keyboardHidden"
155-->src\main\AndroidManifest.xml:142:20-81
156            android:label="Ninos_Games"
156-->src\main\AndroidManifest.xml:140:20-47
157            android:theme="@style/AppTheme.NoActionBar" />
157-->src\main\AndroidManifest.xml:141:20-63
158        <activity
158-->src\main\AndroidManifest.xml:144:16-149:22
159            android:name="com.playzone.kidszone.youtube_player"
159-->src\main\AndroidManifest.xml:145:20-50
160            android:configChanges="orientation|screenSize|keyboardHidden"
160-->src\main\AndroidManifest.xml:148:20-81
161            android:label="Ninos_player"
161-->src\main\AndroidManifest.xml:146:20-48
162            android:theme="@style/AppTheme.NoActionBar" />
162-->src\main\AndroidManifest.xml:147:20-63
163        <activity
163-->src\main\AndroidManifest.xml:150:16-161:27
164            android:name="com.playzone.kidszone.SplashScreen"
164-->src\main\AndroidManifest.xml:151:20-48
165            android:noHistory="true"
165-->src\main\AndroidManifest.xml:153:8-32
166            android:screenOrientation="portrait"
166-->src\main\AndroidManifest.xml:152:20-56
167            android:theme="@style/AppTheme.NoActionBar" >
167-->src\main\AndroidManifest.xml:154:20-63
168            <intent-filter>
168-->src\main\AndroidManifest.xml:155:20-160:36
169                <action android:name="android.intent.action.MAIN" />
169-->src\main\AndroidManifest.xml:122:17-69
169-->src\main\AndroidManifest.xml:122:25-66
170
171                <category android:name="android.intent.category.LAUNCHER" />
171-->src\main\AndroidManifest.xml:158:24-84
171-->src\main\AndroidManifest.xml:158:34-81
172            </intent-filter>
173        </activity>
174        <activity android:name="com.playzone.kidszone.RuntimePermissionsActivity" />
174-->src\main\AndroidManifest.xml:162:16-71
174-->src\main\AndroidManifest.xml:162:26-68
175        <activity android:name="com.playzone.kidszone.SingleBookDetail" />
175-->src\main\AndroidManifest.xml:163:16-61
175-->src\main\AndroidManifest.xml:163:26-58
176        <activity android:name="com.playzone.kidszone.PDF_Single_Show" />
176-->src\main\AndroidManifest.xml:164:9-53
176-->src\main\AndroidManifest.xml:164:19-50
177        <activity
177-->src\main\AndroidManifest.xml:165:16-174:27
178            android:name="com.playzone.kidszone.FakeLauncher"
178-->src\main\AndroidManifest.xml:166:20-48
179            android:enabled="false" >
179-->src\main\AndroidManifest.xml:167:20-43
180            <intent-filter>
180-->src\main\AndroidManifest.xml:168:20-173:36
181                <action android:name="android.intent.action.MAIN" />
181-->src\main\AndroidManifest.xml:122:17-69
181-->src\main\AndroidManifest.xml:122:25-66
182
183                <category android:name="android.intent.category.HOME" />
183-->src\main\AndroidManifest.xml:171:24-80
183-->src\main\AndroidManifest.xml:171:34-77
184                <category android:name="android.intent.category.DEFAULT" />
184-->src\main\AndroidManifest.xml:172:24-83
184-->src\main\AndroidManifest.xml:172:34-80
185            </intent-filter>
186        </activity>
187        <activity
187-->src\main\AndroidManifest.xml:177:9-179:52
188            android:name="com.playzone.kidszone.BookDetail"
188-->src\main\AndroidManifest.xml:178:13-39
189            android:screenOrientation="portrait" />
189-->src\main\AndroidManifest.xml:179:13-49
190        <activity
190-->src\main\AndroidManifest.xml:180:9-182:52
191            android:name="com.playzone.kidszone.AllComment"
191-->src\main\AndroidManifest.xml:181:13-39
192            android:screenOrientation="portrait" />
192-->src\main\AndroidManifest.xml:182:13-49
193        <activity
193-->src\main\AndroidManifest.xml:183:9-185:52
194            android:name="com.playzone.kidszone.RelatedBook"
194-->src\main\AndroidManifest.xml:184:13-40
195            android:screenOrientation="portrait" />
195-->src\main\AndroidManifest.xml:185:13-49
196
197        <receiver android:name="com.playzone.kidszone.broadcastreceivers.PowerConnectionReceiver" >
197-->src\main\AndroidManifest.xml:189:16-196:27
197-->src\main\AndroidManifest.xml:189:26-84
198            <intent-filter>
198-->src\main\AndroidManifest.xml:190:20-195:36
199                <action android:name="android.intent.action.ACTION_POWER_CONNECTED" />
199-->src\main\AndroidManifest.xml:191:24-94
199-->src\main\AndroidManifest.xml:191:32-91
200                <action android:name="android.intent.action.ACTION_POWER_DISCONNECTED" />
200-->src\main\AndroidManifest.xml:192:24-97
200-->src\main\AndroidManifest.xml:192:32-94
201                <action android:name="android.intent.action.BATTERY_OKAY" />
201-->src\main\AndroidManifest.xml:193:24-84
201-->src\main\AndroidManifest.xml:193:32-81
202                <action android:name="android.intent.action.BATTERY_LOW" />
202-->src\main\AndroidManifest.xml:194:24-83
202-->src\main\AndroidManifest.xml:194:32-80
203            </intent-filter>
204        </receiver>
205        <receiver
205-->src\main\AndroidManifest.xml:199:16-213:27
206            android:name="com.playzone.kidszone.broadcastreceivers.DeviceAdminReceiver_code"
206-->src\main\AndroidManifest.xml:200:20-79
207            android:exported="true"
207-->src\main\AndroidManifest.xml:201:20-43
208            android:label="device admin"
208-->src\main\AndroidManifest.xml:202:20-48
209            android:permission="android.permission.BIND_DEVICE_ADMIN" >
209-->src\main\AndroidManifest.xml:203:20-77
210            <intent-filter>
210-->src\main\AndroidManifest.xml:204:20-208:36
211                <action android:name="android.app.action.DEVICE_ADMIN_ENABLED" />
211-->src\main\AndroidManifest.xml:205:24-89
211-->src\main\AndroidManifest.xml:205:32-86
212                <action android:name="android.app.action.DEVICE_ADMIN_DISABLE_REQUESTED" />
212-->src\main\AndroidManifest.xml:206:24-99
212-->src\main\AndroidManifest.xml:206:32-96
213                <action android:name="android.app.action.DEVICE_ADMIN_DISABLED" />
213-->src\main\AndroidManifest.xml:207:24-90
213-->src\main\AndroidManifest.xml:207:32-87
214            </intent-filter>
215
216            <meta-data
216-->src\main\AndroidManifest.xml:210:20-212:70
217                android:name="android.app.device_admin"
217-->src\main\AndroidManifest.xml:211:24-63
218                android:resource="@xml/device_admin_sample" />
218-->src\main\AndroidManifest.xml:212:24-67
219        </receiver>
220
221        <service
221-->src\main\AndroidManifest.xml:215:16-219:47
222            android:name="com.playzone.kidszone.service.BackgroundService"
222-->src\main\AndroidManifest.xml:216:20-61
223            android:enabled="true"
223-->src\main\AndroidManifest.xml:217:20-42
224            android:exported="false"
224-->src\main\AndroidManifest.xml:219:20-44
225            android:stopWithTask="false" />
225-->src\main\AndroidManifest.xml:218:20-48
226        <service
226-->src\main\AndroidManifest.xml:220:16-224:47
227            android:name="com.playzone.kidszone.service.BackgroundService2"
227-->src\main\AndroidManifest.xml:221:20-62
228            android:enabled="true"
228-->src\main\AndroidManifest.xml:223:20-42
229            android:exported="false"
229-->src\main\AndroidManifest.xml:224:20-44
230            android:stopWithTask="false" />
230-->src\main\AndroidManifest.xml:222:20-48
231        <service
231-->src\main\AndroidManifest.xml:225:16-228:47
232            android:name="com.playzone.kidszone.service.foregroundService"
232-->src\main\AndroidManifest.xml:226:20-61
233            android:enabled="true"
233-->src\main\AndroidManifest.xml:227:20-42
234            android:exported="false" />
234-->src\main\AndroidManifest.xml:228:20-44
235        <service
235-->src\main\AndroidManifest.xml:230:9-232:40
236            android:name="com.playzone.kidszone.service.DownloadService"
236-->src\main\AndroidManifest.xml:231:13-52
237            android:exported="false" />
237-->src\main\AndroidManifest.xml:232:13-37
238        <!--
239                  interstitial
240                  real AdMob app ID: ca-app-pub-2678126954197689~9722764312
241                  test AdMob app ID: ca-app-pub-3940256099942544~3347511713
242        -->
243        <meta-data
243-->src\main\AndroidManifest.xml:236:9-238:69
244            android:name="com.google.android.gms.ads.APPLICATION_ID"
244-->src\main\AndroidManifest.xml:237:13-69
245            android:value="ca-app-pub-2678126954197689~9722764312" />
245-->src\main\AndroidManifest.xml:238:13-67
246
247        <!--
248               <meta-data android:name="applovin.sdk.key"
249                   android:value="NSNuNS0-8TgnEIZWwJHNgiKVv6FhJ56JhBdcryCSUPh-Pv_uok9r5EMdcN3FaJ_pw_5kUfcw2wn7r_Gc-Fhu3v"/>
250        -->
251        <activity
251-->[com.github.flutterwave.rave-android:rave_android:2.1.33] AndroidManifest.xml:15:9-19:55
252            android:name="com.flutterwave.raveandroid.RavePayActivity"
252-->[com.github.flutterwave.rave-android:rave_android:2.1.33] AndroidManifest.xml:16:13-71
253            android:label="@string/app_name"
253-->[com.github.flutterwave.rave-android:rave_android:2.1.33] AndroidManifest.xml:17:13-45
254            android:screenOrientation="portrait"
254-->[com.github.flutterwave.rave-android:rave_android:2.1.33] AndroidManifest.xml:18:13-49
255            android:windowSoftInputMode="adjustPan" />
255-->[com.github.flutterwave.rave-android:rave_android:2.1.33] AndroidManifest.xml:19:13-52
256        <activity
256-->[com.github.flutterwave.rave-android:rave_android:2.1.33] AndroidManifest.xml:20:9-22:52
257            android:name="com.flutterwave.raveandroid.card.savedcards.SavedCardsActivity"
257-->[com.github.flutterwave.rave-android:rave_android:2.1.33] AndroidManifest.xml:21:13-90
258            android:screenOrientation="portrait" />
258-->[com.github.flutterwave.rave-android:rave_android:2.1.33] AndroidManifest.xml:22:13-49
259        <activity
259-->[:bookapp] AndroidManifest.xml:32:9-35:59
260            android:name="com.example.androidebook.Activity.choose_school"
260-->[:bookapp] AndroidManifest.xml:33:13-75
261            android:label="@string/title_activity_choose_school"
261-->[:bookapp] AndroidManifest.xml:34:13-65
262            android:theme="@style/AppTheme.NoActionBar" />
262-->[:bookapp] AndroidManifest.xml:35:13-56
263        <activity
263-->[:bookapp] AndroidManifest.xml:36:9-38:55
264            android:name="com.example.androidebook.Activity.ForgetPassword"
264-->[:bookapp] AndroidManifest.xml:37:13-76
265            android:windowSoftInputMode="adjustPan" />
265-->[:bookapp] AndroidManifest.xml:38:13-52
266        <activity android:name="com.example.androidebook.Activity.AboutUs" />
266-->[:bookapp] AndroidManifest.xml:39:9-78
266-->[:bookapp] AndroidManifest.xml:39:19-75
267        <activity android:name="com.example.androidebook.Activity.PrivacyPolicy" />
267-->[:bookapp] AndroidManifest.xml:40:9-84
267-->[:bookapp] AndroidManifest.xml:40:19-81
268        <activity android:name="com.example.androidebook.Activity.BookDetail" />
268-->[:bookapp] AndroidManifest.xml:41:9-81
268-->[:bookapp] AndroidManifest.xml:41:19-78
269        <activity android:name="com.example.androidebook.Activity.CategoryByList" />
269-->[:bookapp] AndroidManifest.xml:42:9-85
269-->[:bookapp] AndroidManifest.xml:42:19-82
270        <activity android:name="com.example.androidebook.Activity.AllComment" />
270-->[:bookapp] AndroidManifest.xml:43:9-81
270-->[:bookapp] AndroidManifest.xml:43:19-78
271        <activity
271-->[:bookapp] AndroidManifest.xml:44:9-46:52
272            android:name="com.example.androidebook.Activity.MainActivity"